Дата и время вызова функции:" flat_generator": 2023-03-15 14:50:10.065185
	Возвращаемое значение с аргументами "([['a', 'b', 'c'], ['d', 'e', 'f'], [1, 2, None]],), {}" - "<generator object flat_generator at 0x000001834AD0AEA0>".
	Время выполнения: 0.0 секунд.
Дата и время вызова функции:" flat_generator": 2023-03-15 14:50:10.065185
	Возвращаемое значение с аргументами "([['a', 'b', 'c'], ['d', 'e', 'f', 'h', False], [1, 2, None]],), {}" - "<generator object flat_generator at 0x000001834AD0AEA0>".
	Время выполнения: 0.0 секунд.
Дата и время вызова функции:" flat_generator": 2023-03-15 14:50:10.065185
	Возвращаемое значение с аргументами "([['a', 'b', 'c'], ['d', 'e', 'f', 'h', False], [1, 2, None]],), {}" - "<generator object flat_generator at 0x000001834AD0AEA0>".
	Время выполнения: 0.0 секунд.
Дата и время вызова функции:" flat_generator": 2023-03-15 14:50:10.066184
	Возвращаемое значение с аргументами "([['a', 'b', 'c'], ['d', 'e', 'f', 'h', False], [1, 2, None]],), {}" - "<generator object flat_generator at 0x000001834AD0B300>".
	Время выполнения: 0.0 секунд.
Дата и время вызова функции:" flat_generator": 2023-03-15 14:51:36.979111
	Возвращаемое значение с аргументами "([['a', 'b', 'c'], ['d', 'e', 'f'], [1, 2, None]],), {}" - "<generator object flat_generator at 0x0000021983B9AEA0>".
	Время выполнения: 0.0 секунд.
Дата и время вызова функции:" flat_generator": 2023-03-15 14:51:36.980110
	Возвращаемое значение с аргументами "([['a', 'b', 'c'], ['d', 'e', 'f', 'h', False], [1, 2, None]],), {}" - "<generator object flat_generator at 0x0000021983B9AEA0>".
	Время выполнения: 0.0 секунд.
Дата и время вызова функции:" flat_generator": 2023-03-15 14:51:36.980110
	Возвращаемое значение с аргументами "([['a', 'b', 'c'], ['d', 'e', 'f', 'h', False], [1, 2, None]],), {}" - "<generator object flat_generator at 0x0000021983B9AEA0>".
	Время выполнения: 0.0 секунд.
Дата и время вызова функции:" flat_generator": 2023-03-15 14:51:36.981110
	Возвращаемое значение с аргументами "([['a', 'b', 'c'], ['d', 'e', 'f', 'h', False], [1, 2, None]],), {}" - "<generator object flat_generator at 0x0000021983B9B300>".
	Время выполнения: 0.0 секунд.
